==994== Memcheck, a memory error detector
==994== Copyright (C) 2002-2024, and GNU GPL'd, by Julian Seward et al.
==994== Using Valgrind-3.23.0-unknown and LibVEX; rerun with -h for copyright info
==994== Command: ./Zombie
==994== Parent PID: 395
==994== 
--994-- 
--994-- Valgrind options:
--994--    --leak-check=full
--994--    --show-leak-kinds=all
--994--    --track-origins=yes
--994--    --verbose
--994--    --log-file=memcheck.log
--994-- Contents of /proc/version:
--994--   Linux version 5.15.0-125-generic (buildd@lcy02-amd64-040) (gcc (Ubuntu 11.4.0-1ubuntu1~22.04) 11.4.0, GNU ld (GNU Binutils for Ubuntu) 2.38) #135-Ubuntu SMP Fri Sep 27 13:53:58 UTC 2024
--994-- 
--994-- Arch and hwcaps: AMD64, LittleEndian, amd64-cx16-lzcnt-rdtscp-sse3-ssse3-avx-avx2-bmi-f16c-rdrand-rdseed-fma
--994-- Page sizes: currently 4096, max supported 4096
--994-- Valgrind library directory: /usr/libexec/valgrind
--994-- Reading syms from /home/sennakhl/Desktop/CPP/CPP01/ex00/Zombie
--994-- Reading syms from /usr/lib/x86_64-linux-gnu/ld-linux-x86-64.so.2
--994--   Considering /usr/lib/debug/usr/lib/x86_64-linux-gnu/ld-linux-x86-64.so.2.debug ..
--994--   .. CRC is valid
--994--   Considering /usr/lib/debug/usr/lib/x86_64-linux-gnu/../../../dwz/bootstrap/glibc.bst/x86_64-unknown-linux-gnu ..
--994--   .. build-id is valid
--994-- Warning: cross-CU LIMITATION: some inlined fn names
--994-- might be shown as UnknownInlinedFun
--994-- Reading syms from /usr/libexec/valgrind/memcheck-amd64-linux
--994--    object doesn't have a dynamic symbol table
--994-- Scheduler: using generic scheduler lock implementation.
--994-- Reading suppressions file: /usr/libexec/valgrind/default.supp
==994== embedded gdbserver: reading from /tmp/vgdb-pipe-from-vgdb-to-994-by-sennakhl-on-???
==994== embedded gdbserver: writing to   /tmp/vgdb-pipe-to-vgdb-from-994-by-sennakhl-on-???
==994== embedded gdbserver: shared mem   /tmp/vgdb-pipe-shared-mem-vgdb-994-by-sennakhl-on-???
==994== 
==994== TO CONTROL THIS PROCESS USING vgdb (which you probably
==994== don't want to do, unless you know exactly what you're doing,
==994== or are doing some strange experiment):
==994==   /usr/libexec/valgrind/../../bin/vgdb --pid=994 ...command...
==994== 
==994== TO DEBUG THIS PROCESS USING GDB: start GDB like this
==994==   /path/to/gdb ./Zombie
==994== and then give GDB the following command
==994==   target remote | /usr/libexec/valgrind/../../bin/vgdb --pid=994
==994== --pid is optional if only one valgrind process is running
==994== 
--994-- REDIR: 0x40270e0 (ld-linux-x86-64.so.2:strlen) redirected to 0x580c6dda (???)
--994-- REDIR: 0x4025aa0 (ld-linux-x86-64.so.2:strcmp) redirected to 0x580c6df4 (???)
--994-- REDIR: 0x4025870 (ld-linux-x86-64.so.2:index) redirected to 0x580c6e0f (???)
--994-- Reading syms from /usr/libexec/valgrind/vgpreload_core-amd64-linux.so
--994-- Reading syms from /usr/libexec/valgrind/vgpreload_memcheck-amd64-linux.so
==994== WARNING: new redirection conflicts with existing -- ignoring it
--994--     old: 0x04025aa0 (strcmp              ) R-> (0000.0) 0x580c6df4 ???
--994--     new: 0x04025aa0 (strcmp              ) R-> (2016.0) 0x0484fed0 strcmp
==994== WARNING: new redirection conflicts with existing -- ignoring it
--994--     old: 0x040270e0 (strlen              ) R-> (0000.0) 0x580c6dda ???
--994--     new: 0x040270e0 (strlen              ) R-> (2007.0) 0x0484eb80 strlen
--994-- REDIR: 0x4024ed0 (ld-linux-x86-64.so.2:mempcpy) redirected to 0x4854620 (mempcpy)
--994-- WARNING: Serious error when reading debug info
--994-- When reading debug info from /etc/ld.so.cache (deleted):
--994-- failed to stat64/stat this file
--994-- Reading syms from /usr/lib/x86_64-linux-gnu/libstdc++.so.6.0.33
--994-- Reading syms from /usr/lib/x86_64-linux-gnu/libm.so.6
--994-- Reading syms from /usr/lib/x86_64-linux-gnu/libgcc_s.so.1
--994-- Reading syms from /usr/lib/x86_64-linux-gnu/libc.so.6
--994-- REDIR: 0x4027280 (ld-linux-x86-64.so.2:strncmp) redirected to 0x484f680 (strncmp)
--994-- REDIR: 0x4cd31c0 (libc.so.6:strnlen) redirected to 0x48391c0 (_vgnU_ifunc_wrapper)
--994-- REDIR: 0x4cd3250 (libc.so.6:strpbrk) redirected to 0x48391c0 (_vgnU_ifunc_wrapper)
--994-- REDIR: 0x4cd11d0 (libc.so.6:strcmp) redirected to 0x48391c0 (_vgnU_ifunc_wrapper)
--994-- REDIR: 0x4ce86c0 (libc.so.6:wcsnlen) redirected to 0x48391c0 (_vgnU_ifunc_wrapper)
--994-- REDIR: 0x4cd01d0 (libc.so.6:memset) redirected to 0x48391c0 (_vgnU_ifunc_wrapper)
--994-- REDIR: 0x4ce7db0 (libc.so.6:wcslen) redirected to 0x48391c0 (_vgnU_ifunc_wrapper)
--994-- REDIR: 0x4cd0140 (libc.so.6:memrchr) redirected to 0x48391c0 (_vgnU_ifunc_wrapper)
--994-- REDIR: 0x4ce8660 (libc.so.6:wcsncpy) redirected to 0x48391c0 (_vgnU_ifunc_wrapper)
--994-- REDIR: 0x4ccf680 (libc.so.6:memcpy) redirected to 0x48391c0 (_vgnU_ifunc_wrapper)
--994-- REDIR: 0x4ce6b90 (libc.so.6:wcschr) redirected to 0x48391c0 (_vgnU_ifunc_wrapper)
--994-- REDIR: 0x4cd10c0 (libc.so.6:index) redirected to 0x48391c0 (_vgnU_ifunc_wrapper)
--994-- REDIR: 0x4cd3280 (libc.so.6:rindex) redirected to 0x48391c0 (_vgnU_ifunc_wrapper)
--994-- REDIR: 0x4ce6c40 (libc.so.6:wcscmp) redirected to 0x48391c0 (_vgnU_ifunc_wrapper)
--994-- REDIR: 0x4cd03f0 (libc.so.6:stpncpy) redirected to 0x48391c0 (_vgnU_ifunc_wrapper)
--994-- REDIR: 0x4cf4ea0 (libc.so.6:wmemchr) redirected to 0x48391c0 (_vgnU_ifunc_wrapper)
--994-- REDIR: 0x4cd3070 (libc.so.6:strncmp) redirected to 0x48391c0 (_vgnU_ifunc_wrapper)
--994-- REDIR: 0x4cd0450 (libc.so.6:strcasecmp) redirected to 0x48391c0 (_vgnU_ifunc_wrapper)
--994-- REDIR: 0x4cd2450 (libc.so.6:strcspn) redirected to 0x48391c0 (_vgnU_ifunc_wrapper)
--994-- REDIR: 0x4ce7b80 (libc.so.6:wcscpy) redirected to 0x48391c0 (_vgnU_ifunc_wrapper)
--994-- REDIR: 0x4cd1050 (libc.so.6:strcat) redirected to 0x48391c0 (_vgnU_ifunc_wrapper)
--994-- REDIR: 0x4cd2f70 (libc.so.6:strncasecmp_l) redirected to 0x48391c0 (_vgnU_ifunc_wrapper)
--994-- REDIR: 0x4cd1140 (libc.so.6:strchrnul) redirected to 0x48391c0 (_vgnU_ifunc_wrapper)
--994-- REDIR: 0x4ccf590 (libc.so.6:bcmp) redirected to 0x48391c0 (_vgnU_ifunc_wrapper)
--994-- REDIR: 0x4cd23e0 (libc.so.6:strcpy) redirected to 0x48391c0 (_vgnU_ifunc_wrapper)
--994-- REDIR: 0x4cd04f0 (libc.so.6:strcasecmp_l) redirected to 0x48391c0 (_vgnU_ifunc_wrapper)
--994-- REDIR: 0x4cd2e40 (libc.so.6:strlen) redirected to 0x48391c0 (_vgnU_ifunc_wrapper)
--994-- REDIR: 0x4cd3110 (libc.so.6:strncpy) redirected to 0x48391c0 (_vgnU_ifunc_wrapper)
--994-- REDIR: 0x4cf4f20 (libc.so.6:wmemcmp) redirected to 0x48391c0 (_vgnU_ifunc_wrapper)
--994-- REDIR: 0x4cd0380 (libc.so.6:stpcpy) redirected to 0x48391c0 (_vgnU_ifunc_wrapper)
--994-- REDIR: 0x4ccff00 (libc.so.6:memmove) redirected to 0x48391c0 (_vgnU_ifunc_wrapper)
==994== Preferring higher priority redirection:
--994--     old: 0x04d97500 (???                 ) R-> (2018.0) 0x048508e0 memcpy
--994--     new: 0x04d97500 (???                 ) R-> (2018.1) 0x04853330 memmove
--994-- REDIR: 0x4ccf510 (libc.so.6:memchr) redirected to 0x48391c0 (_vgnU_ifunc_wrapper)
--994-- REDIR: 0x4cd3470 (libc.so.6:strspn) redirected to 0x48391c0 (_vgnU_ifunc_wrapper)
--994-- REDIR: 0x4ce67a0 (libc.so.6:wcpncpy) redirected to 0x48391c0 (_vgnU_ifunc_wrapper)
--994-- REDIR: 0x4cd0020 (libc.so.6:mempcpy) redirected to 0x48391c0 (_vgnU_ifunc_wrapper)
--994-- REDIR: 0x4cd2ed0 (libc.so.6:strncasecmp) redirected to 0x48391c0 (_vgnU_ifunc_wrapper)
--994-- REDIR: 0x4d9c130 (libc.so.6:???) redirected to 0x484e360 (rindex)
--994-- REDIR: 0x4d9a280 (libc.so.6:???) redirected to 0x484ea60 (strlen)
--994-- REDIR: 0x4d96da0 (libc.so.6:???) redirected to 0x4852920 (bcmp)
--994-- REDIR: 0x4d9b360 (libc.so.6:???) redirected to 0x484f4a0 (strncmp)
--994-- REDIR: 0x4ccb790 (libc.so.6:malloc) redirected to 0x48457e0 (malloc)
--994-- REDIR: 0x4932e20 (libstdc++.so.6:operator new(unsigned long)) redirected to 0x4845f60 (operator new(unsigned long))
--994-- REDIR: 0x4d97500 (libc.so.6:???) redirected to 0x4853330 (memmove)
--994-- REDIR: 0x4d974c0 (libc.so.6:???) redirected to 0x48541e0 (mempcpy)
--994-- REDIR: 0x4930e20 (libstdc++.so.6:operator delete(void*)) redirected to 0x4849310 (operator delete(void*))
--994-- REDIR: 0x4ccbe80 (libc.so.6:free) redirected to 0x4848850 (free)
==994== 
==994== HEAP SUMMARY:
==994==     in use at exit: 32 bytes in 1 blocks
==994==   total heap usage: 4 allocs, 3 frees, 74,816 bytes allocated
==994== 
==994== Searching for pointers to 1 not-freed blocks
==994== Checked 152,536 bytes
==994== 
==994== 32 bytes in 1 blocks are definitely lost in loss record 1 of 1
==994==    at 0x4845FD3: operator new(unsigned long) (in /usr/libexec/valgrind/vgpreload_memcheck-amd64-linux.so)
==994==    by 0x10920E: main (in /home/sennakhl/Desktop/CPP/CPP01/ex00/Zombie)
==994== 
==994== LEAK SUMMARY:
==994==    definitely lost: 32 bytes in 1 blocks
==994==    indirectly lost: 0 bytes in 0 blocks
==994==      possibly lost: 0 bytes in 0 blocks
==994==    still reachable: 0 bytes in 0 blocks
==994==         suppressed: 0 bytes in 0 blocks
==994== 
==994== ERROR SUMMARY: 1 errors from 1 contexts (suppressed: 0 from 0)
